{
  "stats": {
    "suites": 1,
    "tests": 1,
    "passes": 1,
    "pending": 0,
    "failures": 0,
    "start": "2025-10-29T14:46:56.790Z",
    "end": "2025-10-29T14:46:56.934Z",
    "duration": 144,
    "testsRegistered": 1,
    "passPercent": 100,
    "pendingPercent": 0,
    "other": 0,
    "hasOther": false,
    "skipped": 0,
    "hasSkipped": false
  },
  "results": [
    {
      "uuid": "8fff5aa7-0255-4a13-bf32-c7d8a47055ca",
      "title": "",
      "fullFile": "cypress/e2e/auth.cy.ts",
      "file": "cypress/e2e/auth.cy.ts",
      "beforeHooks": [],
      "afterHooks": [],
      "tests": [],
      "suites": [
        {
          "uuid": "073d4299-306a-4218-a534-bd2dabb63e1a",
          "title": "Authenticated API smoke test",
          "fullFile": "",
          "file": "",
          "beforeHooks": [],
          "afterHooks": [],
          "tests": [
            {
              "title": "generates a token and fetches protected data",
              "fullTitle": "Authenticated API smoke test generates a token and fetches protected data",
              "timedOut": null,
              "duration": 136,
              "state": "passed",
              "speed": "fast",
              "pass": true,
              "fail": false,
              "pending": false,
              "context": null,
              "code": "cy.request(\"POST\", \"/auth/generate-token\").then((tokenResponse) => {\n  const token = tokenResponse.body;\n  expect(token, \"JWT token\").to.be.a(\"string\").and.not.be.empty;\n  cy.request({\n    method: \"GET\",\n    url: \"/customers\",\n    headers: {\n      \"x-api-key\": token\n    }\n  }).then((customersResponse) => {\n    expect(customersResponse.status).to.eq(200);\n    expect(customersResponse.body).to.be.an(\"array\");\n  });\n});",
              "err": {},
              "uuid": "4d41da66-ac87-4d76-bb16-043730c481f6",
              "parentUUID": "073d4299-306a-4218-a534-bd2dabb63e1a",
              "isHook": false,
              "skipped": false
            }
          ],
          "suites": [],
          "passes": [
            "4d41da66-ac87-4d76-bb16-043730c481f6"
          ],
          "failures": [],
          "pending": [],
          "skipped": [],
          "duration": 136,
          "root": false,
          "rootEmpty": false,
          "_timeout": 2000
        }
      ],
      "passes": [],
      "failures": [],
      "pending": [],
      "skipped": [],
      "duration": 0,
      "root": true,
      "rootEmpty": true,
      "_timeout": 2000
    }
  ],
  "meta": {
    "mocha": {
      "version": "7.2.0"
    },
    "mochawesome": {
      "options": {
        "quiet": false,
        "reportFilename": "mochawesome",
        "saveHtml": true,
        "saveJson": true,
        "consoleReporter": "spec",
        "useInlineDiffs": false,
        "code": true
      },
      "version": "7.1.4"
    },
    "marge": {
      "options": {
        "reportDir": "cypress/reports",
        "overwrite": true,
        "html": true,
        "json": true,
        "charts": true,
        "embeddedScreenshots": true
      },
      "version": "6.3.0"
    }
  }
}